-------------------------------------------------------------------------------
Test set: TestSuite
-------------------------------------------------------------------------------
Tests run: 34, Failures: 10, Errors: 0, Skipped: 0, Time elapsed: 1.032 sec <<< FAILURE!
testCountHiPositive(StringTwoMethodsContHiTest)  Time elapsed: 0 sec  <<< FAILURE!
java.lang.AssertionError: null
	at org.testng.Assert.fail(Assert.java:94)
	at org.testng.Assert.fail(Assert.java:101)
	at StringTwoMethodsContHiTest.testCountHiPositive(StringTwoMethodsContHiTest.java:47)

testCountHiPositive(StringTwoMethodsContHiTest)  Time elapsed: 0 sec  <<< FAILURE!
java.lang.AssertionError: null
	at org.testng.Assert.fail(Assert.java:94)
	at org.testng.Assert.fail(Assert.java:101)
	at StringTwoMethodsContHiTest.testCountHiPositive(StringTwoMethodsContHiTest.java:47)

testCountCode2(StringTwoCountCodeTest)  Time elapsed: 0.016 sec  <<< FAILURE!
java.lang.AssertionError: expected [0] but found [2]
	at org.testng.Assert.fail(Assert.java:94)
	at org.testng.Assert.failNotEquals(Assert.java:494)
	at org.testng.Assert.assertEquals(Assert.java:123)
	at org.testng.Assert.assertEquals(Assert.java:370)
	at org.testng.Assert.assertEquals(Assert.java:380)
	at StringTwoCountCodeTest.testCountCode2(StringTwoCountCodeTest.java:33)

testCountCode2(StringTwoCountCodeTest)  Time elapsed: 0 sec  <<< FAILURE!
java.lang.AssertionError: expected [0] but found [2]
	at org.testng.Assert.fail(Assert.java:94)
	at org.testng.Assert.failNotEquals(Assert.java:494)
	at org.testng.Assert.assertEquals(Assert.java:123)
	at org.testng.Assert.assertEquals(Assert.java:370)
	at org.testng.Assert.assertEquals(Assert.java:380)
	at StringTwoCountCodeTest.testCountCode2(StringTwoCountCodeTest.java:33)

testCountCode2(StringTwoCountCodeTest)  Time elapsed: 0 sec  <<< FAILURE!
java.lang.AssertionError: expected [0] but found [2]
	at org.testng.Assert.fail(Assert.java:94)
	at org.testng.Assert.failNotEquals(Assert.java:494)
	at org.testng.Assert.assertEquals(Assert.java:123)
	at org.testng.Assert.assertEquals(Assert.java:370)
	at org.testng.Assert.assertEquals(Assert.java:380)
	at StringTwoCountCodeTest.testCountCode2(StringTwoCountCodeTest.java:33)

testCountCode2(StringTwoCountCodeTest)  Time elapsed: 0 sec  <<< FAILURE!
java.lang.AssertionError: expected [0] but found [2]
	at org.testng.Assert.fail(Assert.java:94)
	at org.testng.Assert.failNotEquals(Assert.java:494)
	at org.testng.Assert.assertEquals(Assert.java:123)
	at org.testng.Assert.assertEquals(Assert.java:370)
	at org.testng.Assert.assertEquals(Assert.java:380)
	at StringTwoCountCodeTest.testCountCode2(StringTwoCountCodeTest.java:33)

testCountCode2(StringTwoCountCodeTest)  Time elapsed: 0 sec  <<< FAILURE!
java.lang.AssertionError: expected [0] but found [2]
	at org.testng.Assert.fail(Assert.java:94)
	at org.testng.Assert.failNotEquals(Assert.java:494)
	at org.testng.Assert.assertEquals(Assert.java:123)
	at org.testng.Assert.assertEquals(Assert.java:370)
	at org.testng.Assert.assertEquals(Assert.java:380)
	at StringTwoCountCodeTest.testCountCode2(StringTwoCountCodeTest.java:33)

testCountCode3(StringTwoCountCodeTest)  Time elapsed: 0 sec  <<< FAILURE!
java.lang.AssertionError: expected [0] but found [2]
	at org.testng.Assert.fail(Assert.java:94)
	at org.testng.Assert.failNotEquals(Assert.java:494)
	at org.testng.Assert.assertEquals(Assert.java:123)
	at org.testng.Assert.assertEquals(Assert.java:370)
	at org.testng.Assert.assertEquals(Assert.java:380)
	at StringTwoCountCodeTest.testCountCode3(StringTwoCountCodeTest.java:39)

testCountCode(StringTwoCountCodeTest)  Time elapsed: 0.015 sec  <<< FAILURE!
java.lang.AssertionError: expected [0] but found [2]
	at org.testng.Assert.fail(Assert.java:94)
	at org.testng.Assert.failNotEquals(Assert.java:494)
	at org.testng.Assert.assertEquals(Assert.java:123)
	at org.testng.Assert.assertEquals(Assert.java:370)
	at org.testng.Assert.assertEquals(Assert.java:380)
	at StringTwoCountCodeTest.testCountCode(StringTwoCountCodeTest.java:26)

testCountCode4(StringTwoCountCodeTest)  Time elapsed: 0 sec  <<< FAILURE!
java.lang.AssertionError: expected [0] but found [2]
	at org.testng.Assert.fail(Assert.java:94)
	at org.testng.Assert.failNotEquals(Assert.java:494)
	at org.testng.Assert.assertEquals(Assert.java:123)
	at org.testng.Assert.assertEquals(Assert.java:370)
	at org.testng.Assert.assertEquals(Assert.java:380)
	at StringTwoCountCodeTest.testCountCode4(StringTwoCountCodeTest.java:45)

