<?xml version="1.0" encoding="UTF-8" ?>
<testsuite tests="34" failures="10" name="TestSuite" time="0.031" errors="0" skipped="0">
  <properties>
    <property name="idea.version" value="2018.2.5"/>
    <property name="java.runtime.name" value="Java(TM) SE Runtime Environment"/>
    <property name="sun.boot.library.path" value="C:\Program Files\Java\jdk1.8.0_45\bin"/>
    <property name="java.vm.version" value="25.45-b02"/>
    <property name="java.vm.vendor" value="Oracle Corporation"/>
    <property name="maven.multiModuleProjectDirectory" value="C:\DiskD\trainings\GIT\gitRepositories\github\StudyJava\StudyJava\CodingBatMavenTests\StringTwoMethods"/>
    <property name="java.vendor.url" value="http://java.oracle.com/"/>
    <property name="path.separator" value=";"/>
    <property name="guice.disable.misplaced.annotation.check" value="true"/>
    <property name="java.vm.name" value="Java HotSpot(TM) 64-Bit Server VM"/>
    <property name="file.encoding.pkg" value="sun.io"/>
    <property name="user.script" value=""/>
    <property name="user.country" value="US"/>
    <property name="sun.java.launcher" value="SUN_STANDARD"/>
    <property name="sun.os.patch.level" value=""/>
    <property name="java.vm.specification.name" value="Java Virtual Machine Specification"/>
    <property name="user.dir" value="C:\DiskD\trainings\GIT\gitRepositories\github\StudyJava\StudyJava\CodingBatMavenTests\StringTwoMethods"/>
    <property name="java.runtime.version" value="1.8.0_45-b14"/>
    <property name="java.awt.graphicsenv" value="sun.awt.Win32GraphicsEnvironment"/>
    <property name="java.endorsed.dirs" value="C:\Program Files\Java\jdk1.8.0_45\lib\endorsed"/>
    <property name="os.arch" value="amd64"/>
    <property name="java.io.tmpdir" value="C:\Users\SERGEI~1\AppData\Local\Temp\"/>
    <property name="line.separator" value="
"/>
    <property name="java.vm.specification.vendor" value="Oracle Corporation"/>
    <property name="user.variant" value=""/>
    <property name="os.name" value="Windows 8.1"/>
    <property name="classworlds.conf" value="C:\Program Files\JetBrains\IntelliJIDEACommunityEdition2018\plugins\maven\lib\maven3\bin\m2.conf"/>
    <property name="sun.jnu.encoding" value="Cp1251"/>
    <property name="java.library.path" value="C:\Program Files\Java\jdk1.8.0_45\bin;C:\WINDOWS\Sun\Java\bin;C:\WINDOWS\system32;C:\WINDOWS;C:\WINDOWS\system32;C:\WINDOWS;C:\WINDOWS\System32\Wbem;C:\WINDOWS\System32\WindowsPowerShell\v1.0\;C:\Program Files\TortoiseSVN\bin;C:\Program Files\Java\jdk1.8.0_45\bin;C:\DiskD\sw\Cirl\curl-7.62.0-win64-mingw\curl-7.62.0-win64-mingw\bin;C:\Program Files\Git\cmd;C:\DiskD\sw\WS0635SW\maven\apache-maven-3.6.0\bin;C:\DiskD\trainings\addedToPath;C:\Users\Sergei_Smirnov\AppData\Local\Microsoft\WindowsApps;;C:\Users\Sergei_Smirnov\AppData\Local\Programs\Fiddler;."/>
    <property name="java.specification.name" value="Java Platform API Specification"/>
    <property name="java.class.version" value="52.0"/>
    <property name="sun.management.compiler" value="HotSpot 64-Bit Tiered Compilers"/>
    <property name="os.version" value="6.3"/>
    <property name="user.home" value="C:\Users\Sergei_Smirnov"/>
    <property name="user.timezone" value="Europe/Moscow"/>
    <property name="java.awt.printerjob" value="sun.awt.windows.WPrinterJob"/>
    <property name="java.specification.version" value="1.8"/>
    <property name="file.encoding" value="UTF-8"/>
    <property name="user.name" value="Sergei_Smirnov"/>
    <property name="java.class.path" value="C:\Program Files\JetBrains\IntelliJIDEACommunityEdition2018\plugins\maven\lib\maven3\boot\plexus-classworlds-2.5.2.jar;C:\Program Files\JetBrains\IntelliJIDEACommunityEdition2018\lib\idea_rt.jar"/>
    <property name="java.vm.specification.version" value="1.8"/>
    <property name="sun.arch.data.model" value="64"/>
    <property name="java.home" value="C:\Program Files\Java\jdk1.8.0_45"/>
    <property name="sun.java.command" value="org.codehaus.classworlds.Launcher -Didea.version=2018.2.5 clean test"/>
    <property name="java.specification.vendor" value="Oracle Corporation"/>
    <property name="user.language" value="en"/>
    <property name="awt.toolkit" value="sun.awt.windows.WToolkit"/>
    <property name="java.vm.info" value="mixed mode"/>
    <property name="java.version" value="1.8.0_45"/>
    <property name="java.ext.dirs" value="C:\Program Files\Java\jdk1.8.0_45\lib\ext;C:\WINDOWS\Sun\Java\lib\ext"/>
    <property name="sun.boot.class.path" value="C:\Program Files\Java\jdk1.8.0_45\lib\resources.jar;C:\Program Files\Java\jdk1.8.0_45\lib\rt.jar;C:\Program Files\Java\jdk1.8.0_45\lib\sunrsasign.jar;C:\Program Files\Java\jdk1.8.0_45\lib\jsse.jar;C:\Program Files\Java\jdk1.8.0_45\lib\jce.jar;C:\Program Files\Java\jdk1.8.0_45\lib\charsets.jar;C:\Program Files\Java\jdk1.8.0_45\lib\jfr.jar;C:\Program Files\Java\jdk1.8.0_45\classes"/>
    <property name="java.vendor" value="Oracle Corporation"/>
    <property name="maven.home" value="C:\Program Files\JetBrains\IntelliJIDEACommunityEdition2018\plugins\maven\lib\maven3"/>
    <property name="file.separator" value="\"/>
    <property name="java.vendor.url.bug" value="http://bugreport.sun.com/bugreport/"/>
    <property name="sun.cpu.endian" value="little"/>
    <property name="sun.io.unicode.encoding" value="UnicodeLittle"/>
    <property name="sun.desktop" value="windows"/>
    <property name="sun.cpu.isalist" value="amd64"/>
  </properties>
  <testcase classname="StringTwoMethodsContHiTest" name="testCountHi" time="0"/>
  <testcase classname="StringTwoMethodsContHiTest" name="testCountHiFourNegative" time="0"/>
  <testcase classname="StringTwoMethodsContHiTest" name="testCountHiPositive" time="0"/>
  <testcase classname="StringTwoMethodsContHiTest" name="testCountHiPositive" time="0"/>
  <testcase classname="StringTwoMethodsContHiTest" name="testCountHiPositive" time="0"/>
  <testcase classname="StringTwoMethodsContHiTest" name="testCountHiPositive" time="0">
    <failure type="java.lang.AssertionError:">java.lang.AssertionError: null
	at org.testng.Assert.fail(Assert.java:94)
	at org.testng.Assert.fail(Assert.java:101)
	at StringTwoMethodsContHiTest.testCountHiPositive(StringTwoMethodsContHiTest.java:47)
</failure>
    <system-out>Expected result: 1; Actual: 2
The test above has failed: String: &apos; hi&apos; is counted as 2 while is expected: 1
TestResult: expected [2] but found [1]
</system-out>
  </testcase>
  <testcase classname="StringTwoMethodsContHiTest" name="testCountHiPositive" time="0"/>
  <testcase classname="StringTwoMethodsContHiTest" name="testCountHiPositive" time="0"/>
  <testcase classname="StringTwoMethodsContHiTest" name="testCountHiPositive" time="0"/>
  <testcase classname="StringTwoMethodsContHiTest" name="testCountHiPositive" time="0">
    <failure type="java.lang.AssertionError:">java.lang.AssertionError: null
	at org.testng.Assert.fail(Assert.java:94)
	at org.testng.Assert.fail(Assert.java:101)
	at StringTwoMethodsContHiTest.testCountHiPositive(StringTwoMethodsContHiTest.java:47)
</failure>
    <system-out>Expected result: 7; Actual: 1
The test above has failed: String: &apos; hihihi hihihi hi&apos; is counted as 1 while is expected: 7
TestResult: expected [1] but found [7]
</system-out>
  </testcase>
  <testcase classname="StringTwoMethodsContHiTest" name="testCountHiPositive" time="0"/>
  <testcase classname="StringTwoMethodsContHiTest" name="testCountHiTwoPositive" time="0"/>
  <testcase classname="StringTwoMethodsDoubleCharTest" name="testConCat" time="0"/>
  <testcase classname="StringTwoMethodsDoubleCharTest" name="testConCat2" time="0"/>
  <testcase classname="StringTwoMethodsDoubleCharTest" name="testConCat3" time="0"/>
  <testcase classname="StringTwoMethodsDoubleCharTest" name="testConCat4" time="0"/>
  <testcase classname="StringTwoMethodsDoubleCharTest" name="testCountHiPositive" time="0"/>
  <testcase classname="StringTwoMethodsDoubleCharTest" name="testCountHiPositive" time="0"/>
  <testcase classname="StringTwoMethodsDoubleCharTest" name="testCountHiPositive" time="0"/>
  <testcase classname="StringTwoMethodsDoubleCharTest" name="testCountHiPositive" time="0"/>
  <testcase classname="StringTwoMethodsDoubleCharTest" name="testCountHiPositive" time="0"/>
  <testcase classname="StringTwoMethodsDoubleCharTest" name="testDoubleCharExpectedToFail" time="0"/>
  <testcase classname="StringTwoCountCodeTest" name="testCountCode2" time="0.016">
    <failure message="expected [0] but found [2]" type="java.lang.AssertionError">java.lang.AssertionError: expected [0] but found [2]
	at org.testng.Assert.fail(Assert.java:94)
	at org.testng.Assert.failNotEquals(Assert.java:494)
	at org.testng.Assert.assertEquals(Assert.java:123)
	at org.testng.Assert.assertEquals(Assert.java:370)
	at org.testng.Assert.assertEquals(Assert.java:380)
	at StringTwoCountCodeTest.testCountCode2(StringTwoCountCodeTest.java:33)
</failure>
  </testcase>
  <testcase classname="StringTwoCountCodeTest" name="testCountCode2" time="0">
    <failure message="expected [0] but found [2]" type="java.lang.AssertionError">java.lang.AssertionError: expected [0] but found [2]
	at org.testng.Assert.fail(Assert.java:94)
	at org.testng.Assert.failNotEquals(Assert.java:494)
	at org.testng.Assert.assertEquals(Assert.java:123)
	at org.testng.Assert.assertEquals(Assert.java:370)
	at org.testng.Assert.assertEquals(Assert.java:380)
	at StringTwoCountCodeTest.testCountCode2(StringTwoCountCodeTest.java:33)
</failure>
  </testcase>
  <testcase classname="StringTwoCountCodeTest" name="testCountCode2" time="0">
    <failure message="expected [0] but found [2]" type="java.lang.AssertionError">java.lang.AssertionError: expected [0] but found [2]
	at org.testng.Assert.fail(Assert.java:94)
	at org.testng.Assert.failNotEquals(Assert.java:494)
	at org.testng.Assert.assertEquals(Assert.java:123)
	at org.testng.Assert.assertEquals(Assert.java:370)
	at org.testng.Assert.assertEquals(Assert.java:380)
	at StringTwoCountCodeTest.testCountCode2(StringTwoCountCodeTest.java:33)
</failure>
  </testcase>
  <testcase classname="StringTwoCountCodeTest" name="testCountCode2" time="0">
    <failure message="expected [0] but found [2]" type="java.lang.AssertionError">java.lang.AssertionError: expected [0] but found [2]
	at org.testng.Assert.fail(Assert.java:94)
	at org.testng.Assert.failNotEquals(Assert.java:494)
	at org.testng.Assert.assertEquals(Assert.java:123)
	at org.testng.Assert.assertEquals(Assert.java:370)
	at org.testng.Assert.assertEquals(Assert.java:380)
	at StringTwoCountCodeTest.testCountCode2(StringTwoCountCodeTest.java:33)
</failure>
  </testcase>
  <testcase classname="StringTwoCountCodeTest" name="testCountCode2" time="0">
    <failure message="expected [0] but found [2]" type="java.lang.AssertionError">java.lang.AssertionError: expected [0] but found [2]
	at org.testng.Assert.fail(Assert.java:94)
	at org.testng.Assert.failNotEquals(Assert.java:494)
	at org.testng.Assert.assertEquals(Assert.java:123)
	at org.testng.Assert.assertEquals(Assert.java:370)
	at org.testng.Assert.assertEquals(Assert.java:380)
	at StringTwoCountCodeTest.testCountCode2(StringTwoCountCodeTest.java:33)
</failure>
  </testcase>
  <testcase classname="StringTwoMethodsDoubleCharTest" name="testDoubleChar" time="0"/>
  <testcase classname="StringTwoCountCodeTest" name="testCountCode3" time="0">
    <failure message="expected [0] but found [2]" type="java.lang.AssertionError">java.lang.AssertionError: expected [0] but found [2]
	at org.testng.Assert.fail(Assert.java:94)
	at org.testng.Assert.failNotEquals(Assert.java:494)
	at org.testng.Assert.assertEquals(Assert.java:123)
	at org.testng.Assert.assertEquals(Assert.java:370)
	at org.testng.Assert.assertEquals(Assert.java:380)
	at StringTwoCountCodeTest.testCountCode3(StringTwoCountCodeTest.java:39)
</failure>
    <system-out> PrintOut StringTwoMethodsDoubleCharTest after class
</system-out>
  </testcase>
  <testcase classname="StringTwoCountCodeTest" name="testCountCode" time="0.015">
    <failure message="expected [0] but found [2]" type="java.lang.AssertionError">java.lang.AssertionError: expected [0] but found [2]
	at org.testng.Assert.fail(Assert.java:94)
	at org.testng.Assert.failNotEquals(Assert.java:494)
	at org.testng.Assert.assertEquals(Assert.java:123)
	at org.testng.Assert.assertEquals(Assert.java:370)
	at org.testng.Assert.assertEquals(Assert.java:380)
	at StringTwoCountCodeTest.testCountCode(StringTwoCountCodeTest.java:26)
</failure>
  </testcase>
  <testcase classname="StringTwoCountCodeTest" name="testDoubleCharExpectedToFail" time="0"/>
  <testcase classname="ArrayTwoMethodsTest" name="testDoubleCharExpectedToFail" time="0"/>
  <testcase classname="ArrayTwoMethodsTest" name="testMatchUp1" time="0"/>
  <testcase classname="StringTwoCountCodeTest" name="testCountCode4" time="0">
    <failure message="expected [0] but found [2]" type="java.lang.AssertionError">java.lang.AssertionError: expected [0] but found [2]
	at org.testng.Assert.fail(Assert.java:94)
	at org.testng.Assert.failNotEquals(Assert.java:494)
	at org.testng.Assert.assertEquals(Assert.java:123)
	at org.testng.Assert.assertEquals(Assert.java:370)
	at org.testng.Assert.assertEquals(Assert.java:380)
	at StringTwoCountCodeTest.testCountCode4(StringTwoCountCodeTest.java:45)
</failure>
  </testcase>
</testsuite>