<?xml version="1.0" encoding="UTF-8"?>
<!-- Generated by org.testng.reporters.JUnitXMLReporter -->
<testsuite hostname="EPRUPETW9447" tests="3" failures="2" timestamp="10 Jun 2019 17:55:00 GMT" time="0.03" errors="0">
  <testcase name="testCountYZ" time="0.01" classname="StringThreeMethodsToCheckTest"/>
  <testcase name="testWithoutString" time="0.0" classname="StringThreeMethodsToCheckTest">
    <failure type="java.lang.AssertionError" message="expected [abab] but found [abxxab]">
      <![CDATA[java.lang.AssertionError: expected [abab] but found [abxxab]
	at StringThreeMethodsToCheckTest.testWithoutString(StringThreeMethodsToCheckTest.java:24)
	at org.apache.maven.surefire.testng.TestNGExecutor.run(TestNGExecutor.java:77)
	at org.apache.maven.surefire.testng.TestNGDirectoryTestSuite.execute(TestNGDirectoryTestSuite.java:110)
	at org.apache.maven.surefire.testng.TestNGProvider.invoke(TestNGProvider.java:106)
	at org.apache.maven.surefire.util.ReflectionUtils.invokeMethodWithArray(ReflectionUtils.java:189)
	at org.apache.maven.surefire.booter.ProviderFactory$ProviderProxy.invoke(ProviderFactory.java:165)
	at org.apache.maven.surefire.booter.ProviderFactory.invokeProvider(ProviderFactory.java:85)
	at org.apache.maven.surefire.booter.ForkedBooter.runSuitesInProcess(ForkedBooter.java:115)
	at org.apache.maven.surefire.booter.ForkedBooter.main(ForkedBooter.java:75)
... Removed 30 stack frames]]>
    </failure>
  </testcase> <!-- testWithoutString -->
  <testcase name="testWithoutStringTwo" time="0.0" classname="StringThreeMethodsToCheckTest">
    <failure type="java.lang.AssertionError" message="expected [abab] but found [abxxab]">
      <![CDATA[java.lang.AssertionError: expected [abab] but found [abxxab]
	at StringThreeMethodsToCheckTest.testWithoutStringTwo(StringThreeMethodsToCheckTest.java:33)
	at org.apache.maven.surefire.testng.TestNGExecutor.run(TestNGExecutor.java:77)
	at org.apache.maven.surefire.testng.TestNGDirectoryTestSuite.execute(TestNGDirectoryTestSuite.java:110)
	at org.apache.maven.surefire.testng.TestNGProvider.invoke(TestNGProvider.java:106)
	at org.apache.maven.surefire.util.ReflectionUtils.invokeMethodWithArray(ReflectionUtils.java:189)
	at org.apache.maven.surefire.booter.ProviderFactory$ProviderProxy.invoke(ProviderFactory.java:165)
	at org.apache.maven.surefire.booter.ProviderFactory.invokeProvider(ProviderFactory.java:85)
	at org.apache.maven.surefire.booter.ForkedBooter.runSuitesInProcess(ForkedBooter.java:115)
	at org.apache.maven.surefire.booter.ForkedBooter.main(ForkedBooter.java:75)
... Removed 30 stack frames]]>
    </failure>
  </testcase> <!-- testWithoutStringTwo -->
</testsuite>
